Determining if the pthread_create exist failed with the following output:
Change Dir: /root/build/CMakeFiles/CMakeTmp

Run Build Command:"/usr/bin/make" "cmTC_84a56/fast"
/usr/bin/make -f CMakeFiles/cmTC_84a56.dir/build.make CMakeFiles/cmTC_84a56.dir/build
make[1]: Entering directory '/root/build/CMakeFiles/CMakeTmp'
Building C object CMakeFiles/cmTC_84a56.dir/CheckSymbolExists.c.o
/usr/bin/cc     -o CMakeFiles/cmTC_84a56.dir/CheckSymbolExists.c.o   -c /root/build/CMakeFiles/CMakeTmp/CheckSymbolExists.c
Linking C executable cmTC_84a56
/usr/bin/cmake -E cmake_link_script CMakeFiles/cmTC_84a56.dir/link.txt --verbose=1
/usr/bin/cc       CMakeFiles/cmTC_84a56.dir/CheckSymbolExists.c.o  -o cmTC_84a56 -rdynamic 
CMakeFiles/cmTC_84a56.dir/CheckSymbolExists.c.o: In function `main':
CheckSymbolExists.c:(.text+0x16): undefined reference to `pthread_create'
collect2: error: ld returned 1 exit status
CMakeFiles/cmTC_84a56.dir/build.make:97: recipe for target 'cmTC_84a56' failed
make[1]: *** [cmTC_84a56] Error 1
make[1]: Leaving directory '/root/build/CMakeFiles/CMakeTmp'
Makefile:126: recipe for target 'cmTC_84a56/fast' failed
make: *** [cmTC_84a56/fast] Error 2

File /root/build/CMakeFiles/CMakeTmp/CheckSymbolExists.c:
/* */
#include <pthread.h>

int main(int argc, char** argv)
{
  (void)argv;
#ifndef pthread_create
  return ((int*)(&pthread_create))[argc];
#else
  (void)argc;
  return 0;
#endif
}

Determining if the function pthread_create exists in the pthreads failed with the following output:
Change Dir: /root/build/CMakeFiles/CMakeTmp

Run Build Command:"/usr/bin/make" "cmTC_a1a67/fast"
/usr/bin/make -f CMakeFiles/cmTC_a1a67.dir/build.make CMakeFiles/cmTC_a1a67.dir/build
make[1]: Entering directory '/root/build/CMakeFiles/CMakeTmp'
Building C object CMakeFiles/cmTC_a1a67.dir/CheckFunctionExists.c.o
/usr/bin/cc    -DCHECK_FUNCTION_EXISTS=pthread_create   -o CMakeFiles/cmTC_a1a67.dir/CheckFunctionExists.c.o   -c /usr/share/cmake-3.5/Modules/CheckFunctionExists.c
Linking C executable cmTC_a1a67
/usr/bin/cmake -E cmake_link_script CMakeFiles/cmTC_a1a67.dir/link.txt --verbose=1
/usr/bin/cc   -DCHECK_FUNCTION_EXISTS=pthread_create    CMakeFiles/cmTC_a1a67.dir/CheckFunctionExists.c.o  -o cmTC_a1a67 -rdynamic -lpthreads 
/usr/bin/ld: cannot find -lpthreads
collect2: error: ld returned 1 exit status
CMakeFiles/cmTC_a1a67.dir/build.make:97: recipe for target 'cmTC_a1a67' failed
make[1]: *** [cmTC_a1a67] Error 1
make[1]: Leaving directory '/root/build/CMakeFiles/CMakeTmp'
Makefile:126: recipe for target 'cmTC_a1a67/fast' failed
make: *** [cmTC_a1a67/fast] Error 2


